[09:33:28] [Client thread/INFO] [JMLogger] JourneyMap log initialized.
[09:33:28] [Client thread/INFO] [JourneymapClient] ensureCurrent ENTER
[09:33:28] [Client thread/INFO] [PropertiesBase] Loaded CoreProperties from C:\Users\maximo\AppData\Roaming\.minecraft\versionsMod\mcClient\journeymap\config\5.1\journeymap.core.config
[09:33:28] [Client thread/INFO] [PropertiesBase] Loaded FullMapProperties from C:\Users\maximo\AppData\Roaming\.minecraft\versionsMod\mcClient\journeymap\config\5.1\journeymap.fullmap.config
[09:33:28] [Client thread/INFO] [PropertiesBase] Loaded MiniMapProperties from C:\Users\maximo\AppData\Roaming\.minecraft\versionsMod\mcClient\journeymap\config\5.1\journeymap.minimap.config
[09:33:28] [Client thread/INFO] [PropertiesBase] Loaded MiniMapProperties2 from C:\Users\maximo\AppData\Roaming\.minecraft\versionsMod\mcClient\journeymap\config\5.1\journeymap.minimap2.config
[09:33:28] [Client thread/INFO] [PropertiesBase] Loaded WebMapProperties from C:\Users\maximo\AppData\Roaming\.minecraft\versionsMod\mcClient\journeymap\config\5.1\journeymap.webmap.config
[09:33:28] [Client thread/INFO] [PropertiesBase] Loaded WaypointProperties from C:\Users\maximo\AppData\Roaming\.minecraft\versionsMod\mcClient\journeymap\config\5.1\journeymap.waypoint.config
[09:33:28] [Client thread/INFO] [?] Version: JourneyMap 5.1.3 Unlimited, built with Forge 10.13.4.1558
Forge: 10.13.4.1558
Environment: os.name, os.arch, java.version, user.country, user.language=null, game language=en_US, locale=en_us
Unlimited Features: 
	RadarPlayers : singleplayer = true , multiplayer = true
	RadarAnimals : singleplayer = true , multiplayer = true
	RadarMobs : singleplayer = true , multiplayer = true
	RadarVillagers : singleplayer = true , multiplayer = true
	MapCaves : singleplayer = true , multiplayer = true
MiniMapProperties{entityIconSetName=2D, showAnimals=true, showMobs=true, showPets=true, showPlayers=true, showSelf=true, showVillagers=true, showWaypoints=true, zoomLevel=0, fontScale=1, locationFormat=xzyv, locationFormatVerbose=true, showCaves=true, showWaypointLabels=true, showMobHeading=true, showPlayerHeading=true, textureSmall=true, active=true, compassFontScale=1, enabled=false, frameAlpha=100, name=minimap, orientation=North, position=Top Right, preferredMapType=day, reticleOrientation=Compass, shape=Circle, showBiome=true, showCompass=true, showFps=false, showLocation=true, showReticle=true, sizePercent=30, terrainAlpha=100}
MiniMapProperties2{enabled=true, shape=Rectangle, position=Top Center, showFps=false, showBiome=true, showLocation=true, showWaypointLabels=true, sizePercent=30, frameAlpha=60, terrainAlpha=60, orientation=My Heading, compassFontScale=1, showCompass=true, showReticle=true, reticleOrientation=Compass, preferredMapType=day, name=minimap2, id=2}
FullMapProperties{entityIconSetName=2D, showAnimals=true, showMobs=true, showPets=true, showPlayers=true, showSelf=true, showVillagers=true, showWaypoints=true, zoomLevel=2, fontScale=1, locationFormat=xzyv, locationFormatVerbose=true, showCaves=true, showWaypointLabels=true, showMobHeading=true, showPlayerHeading=true, textureSmall=true, preferredMapType=day, showGrid=true}
WaypointProperties{autoHideLabel=true, beaconEnabled=true, boldLabel=false, createDeathpoints=true, fontScale=2, managerEnabled=true, maxDistance=0, name=waypoint, showDistance=true, showName=true, showRotatingBeam=true, showStaticBeam=true, showTexture=true, textureSmall=true}
WebMapProperties: , enabled=false, port=8080, showMobs=true, showAnimals=true, showVillagers=true, showPets=true, showPlayers=true, showWaypoints=true, entityIconSetName=2D
CoreProperties{announceMod=true, autoMapPoll=2000, browserPoll=2000, cacheAnimalsData=3100, cacheMobsData=3000, cachePlayerData=1000, cachePlayersData=2000, cacheVillagersData=2200, caveIgnoreGlass=true, isUpdateCheckEnabled=true, renderDelay=2, hideSneakingEntities=true, logLevel=INFO, mapAntialiasing=true, mapBathymetry=false, mapCaveLighting=true, mapCrops=true, mapPlants=false, mapPlantShadows=false, mapSurfaceAboveCaves=true, tileHighDisplayQuality=true, mapTransparency=true, maxAnimalsData=32, maxMobsData=32, maxPlayersData=32, maxVillagersData=32, optionsManagerViewed=5.1.3, radarLateralDistance=64, radarVerticalDistance=16, recordCacheStats=false, renderOverlayEventTypeName=ALL, renderOverlayPreEvent=true, renderDistanceCaveMin=3, renderDistanceCaveMax=3, renderDistanceSurfaceMin=4, renderDistanceSurfaceMax=7, revealShape=Circle, themeName=Victorian, tileRenderType=1}
[09:33:28] [Client thread/INFO] [JourneymapClient] ensureCurrent EXIT, elapsed§8 count §r1§8 avg §r202.79§8ms§r
[09:33:29] [Client thread/INFO] [JourneymapClient] postInitialize ENTER
[09:33:29] [Client thread/DEBUG] [EventHandlerManager] journeymap.client.forge.event.ChatEventHandler registered in MinecraftForgeBus
[09:33:29] [Client thread/DEBUG] [EventHandlerManager] journeymap.client.forge.event.StateTickHandler registered in FMLCommonHandlerBus
[09:33:29] [Client thread/DEBUG] [EventHandlerManager] journeymap.client.forge.event.WorldEventHandler registered in MinecraftForgeBus
[09:33:29] [Client thread/DEBUG] [EventHandlerManager] journeymap.client.forge.event.ChunkUpdateHandler registered in MinecraftForgeBus
[09:33:29] [Client thread/DEBUG] [EventHandlerManager] journeymap.client.forge.event.WaypointBeaconHandler registered in MinecraftForgeBus
[09:33:29] [Client thread/DEBUG] [EventHandlerManager] journeymap.client.forge.event.TextureAtlasHandler registered in MinecraftForgeBus
[09:33:29] [Client thread/INFO] [WorldInfoHandler] Registered channel: world_info
[09:33:29] [Client thread/DEBUG] [EventHandlerManager] journeymap.client.forge.event.MiniMapOverlayHandler registered in MinecraftForgeBus
[09:33:29] [Client thread/DEBUG] [EventHandlerManager] journeymap.client.forge.event.KeyEventHandler registered in FMLCommonHandlerBus
[09:33:29] [Client thread/INFO] [IconSetFileHandler] Initializing icon sets...
[09:33:29] [Client thread/TRACE] [ThemeFileHandler] Initializing themes ...
[09:33:29] [Client thread/DEBUG] [PropertiesBase] Saved journeymap.webmap.config
[09:33:29] [Client thread/INFO] [JourneymapClient] postInitialize EXIT, elapsed§8 count §r1§8 avg §r378.91§8ms§r
[09:33:29] [JM-VersionCheck-1/INFO] [VersionCheck$1] Newer version online: JourneyMap 5.1.4 for Minecraft 1.7.10 on http://minecraft.curseforge.com/projects/journeymap-32274/files/2283867
[09:33:32] [Client thread/INFO] [ColorManager] Loading blocks and textures...
[09:33:32] [Client thread/INFO] [BlockMD] Built BlockMD cache (306) : BlockMD.reset count 1 avg 13.54ms
[09:33:32] [Client thread/INFO] [ColorHelper_1_7_10] initBlocksTexture: 1024x512 loaded in 17.065302ms
[09:33:32] [Client thread/WARN] [ColorPalette] Existing color palette's mods no longer match current loadout.
[09:33:32] [Client thread/INFO] [ColorPalette] WAS: Forge Mod Loader:7.10.99.99, JourneyMap:5.1.3, MC Helicopter:0.10.8, Minecraft Coder Pack:9.05, Minecraft Forge:10.13.4.1558
NOW: CodeChicken Core:1.0.7.47, Forge Mod Loader:7.10.99.99, JourneyMap:5.1.3, MC Helicopter:0.10.8, Minecraft Coder Pack:9.05, Minecraft Forge:10.13.4.1558, Not Enough Items:1.0.5.120
[09:33:32] [Client thread/INFO] [ColorManager] Initialized 296 block colors from mods and resource packs in 36ms
[09:33:32] [Client thread/INFO] [ColorPalette] Color palette file generated with 305 colors in 11ms for: C:\Users\maximo\AppData\Roaming\.minecraft\versionsMod\mcClient\journeymap\colorpalette.json
[09:33:32] [Client thread/INFO] [ColorManager] Updated color palette file: C:\Users\maximo\AppData\Roaming\.minecraft\versionsMod\mcClient\journeymap\colorpalette.json
[09:33:37] [Client thread/INFO] [WorldInfoHandler] Requesting World ID
[09:33:41] [Client thread/INFO] [WorldInfoHandler] Requesting World ID
[09:33:42] [Client thread/INFO] [WaypointStore] Loaded 0 waypoints from C:\Users\maximo\AppData\Roaming\.minecraft\versionsMod\mcClient\journeymap\data\mp\mcServer\waypoints
[09:33:42] [Client thread/INFO] [ColorManager] Blocks and textures are current
[09:33:42] [Client thread/INFO] [JourneymapClient] Mapping started in C:\Users\maximo\AppData\Roaming\.minecraft\versionsMod\mcClient\journeymap\data\mp\mcServer\DIM0. Memory: 429MB total, 169MB free 
[09:33:42] [Client thread/INFO] [ChatLog] JourneyMap: Press [J]
[09:40:09] [Client thread/INFO] [JourneymapClient] Mapping halted in C:\Users\maximo\AppData\Roaming\.minecraft\versionsMod\mcClient\journeymap\data\mp\mcServer\DIM0
