[18:52:18] [main/DEBUG] [FML/]: Injecting tracing printstreams for STDOUT/STDERR.
[18:52:18] [main/INFO] [FML/]: Forge Mod Loader version 7.99.36.1558 for Minecraft 1.7.10 loading
[18:52:18] [main/INFO] [FML/]: Java is Java HotSpot(TM) 64-Bit Server VM, version 1.8.0_73, running on Windows 7:amd64:6.1, installed at C:\Program Files\Java\jre1.8.0_73
[18:52:18] [main/DEBUG] [FML/]: Java classpath at launch is forge-1.7.10-10.13.4.1558-1.7.10-universal.jar
[18:52:18] [main/DEBUG] [FML/]: Java library path at launch is C:\ProgramData\Oracle\Java\javapath;C:\Windows\Sun\Java\bin;C:\Windows\system32;C:\Windows;C:\ProgramData\Oracle\Java\javapath;C:\Program Files (x86)\Intel\iCLS Client\;C:\Program Files\Intel\iCLS Client\;C:\Windows\system32;C:\Windows;C:\Windows\System32\Wbem;C:\Windows\System32\WindowsPowerShell\v1.0\;C:\Program Files\Intel\Intel(R) Management Engine Components\DAL;C:\Program Files\Intel\Intel(R) Management Engine Components\IPT;C:\Program Files (x86)\Intel\Intel(R) Management Engine Components\DAL;C:\Program Files (x86)\Intel\Intel(R) Management Engine Components\IPT;C:\Program Files (x86)\NVIDIA Corporation\PhysX\Common;.
[18:52:18] [main/DEBUG] [FML/]: Enabling runtime deobfuscation
[18:52:18] [main/DEBUG] [FML/]: Instantiating coremod class FMLCorePlugin
[18:52:18] [main/DEBUG] [FML/]: Added access transformer class cpw.mods.fml.common.asm.transformers.AccessTransformer to enqueued access transformers
[18:52:18] [main/DEBUG] [FML/]: Enqueued coremod FMLCorePlugin
[18:52:18] [main/DEBUG] [FML/]: Instantiating coremod class FMLForgePlugin
[18:52:18] [main/DEBUG] [FML/]: Added access transformer class net.minecraftforge.transformers.ForgeAccessTransformer to enqueued access transformers
[18:52:18] [main/DEBUG] [FML/]: Enqueued coremod FMLForgePlugin
[18:52:18] [main/DEBUG] [FML/]: All fundamental core mods are successfully located
[18:52:18] [main/DEBUG] [FML/]: Attempting to load commandline specified mods, relative to X:\Mojang\mcServer\Forge1.7.10_10.13.4.1558\.
[18:52:18] [main/DEBUG] [FML/]: Discovering coremods
[18:52:18] [main/DEBUG] [FML/]: Examining for coremod candidacy [1.7.10]bspkrsCore-universal-6.16.jar
[18:52:18] [main/DEBUG] [FML/]: Not found coremod data in [1.7.10]bspkrsCore-universal-6.16.jar
[18:52:18] [main/DEBUG] [FML/]: Examining for coremod candidacy [1.7.10]Treecapitator-universal-2.0.4.jar
[18:52:18] [main/DEBUG] [FML/]: Not found coremod data in [1.7.10]Treecapitator-universal-2.0.4.jar
[18:52:18] [main/DEBUG] [FML/]: Examining for coremod candidacy buildcraft-7.1.14.jar
[18:52:18] [main/DEBUG] [FML/]: Not found coremod data in buildcraft-7.1.14.jar
[18:52:18] [main/DEBUG] [FML/]: Examining for coremod candidacy CodeChickenCore-1.7.10-1.0.7.47-universal.jar
[18:52:18] [main/TRACE] [FML/]: Adding CodeChickenCore-1.7.10-1.0.7.47-universal.jar to the list of known coremods, it will not be examined again
[18:52:18] [main/DEBUG] [FML/]: Instantiating coremod class CodeChickenCorePlugin
