[09:28:53] [Server thread/INFO]: Starting minecraft server version 1.7.10
[09:28:56] [Server thread/INFO]: Loading properties
[09:28:56] [Server thread/INFO]: Default game type: SURVIVAL
[09:28:56] [Server thread/INFO]: Generating keypair
[09:28:56] [Server thread/INFO]: Starting Minecraft server on *:25565
[09:28:57] [Server thread/INFO]: Preparing level "world"
[09:28:58] [Server thread/INFO]: Preparing start region for level 0
[09:28:59] [Server thread/INFO]: Preparing spawn area: 19%
[09:28:59] [Server thread/INFO]: Done (2.471s)! For help, type "help" or "?"
[09:29:32] [User Authenticator #1/INFO]: UUID of player othunderx is d68d2732-422a-478a-b27d-ba75d7b3e14a
[09:29:33] [Server thread/INFO]: othunderx[/61.231.65.27:53030] logged in with entity id 298 at (-154.22008436577556, 69.0, 71.30841650206894)
[09:29:33] [Server thread/INFO]: othunderx joined the game
[09:29:47] [Server thread/INFO]: othunderx lost connection: TranslatableComponent{key='disconnect.genericReason', args=[Internal Exception: java.io.IOException: An existing connection was forcibly closed by the remote host], siblings=[], style=Style{hasParent=false, color=null, bold=null, italic=null, underlined=null, obfuscated=null, clickEvent=null, hoverEvent=null}}
[09:29:47] [Server thread/INFO]: othunderx left the game
[09:33:36] [User Authenticator #2/INFO]: UUID of player othunderx is d68d2732-422a-478a-b27d-ba75d7b3e14a
[09:33:37] [Server thread/INFO]: othunderx[/61.231.65.27:53245] logged in with entity id 1003 at (-154.22008436577556, 69.0, 71.30841650206894)
[09:33:37] [Server thread/INFO]: othunderx joined the game
[09:33:44] [Server thread/INFO]: [othunderx: Given [Iron Ore] * 64 to othunderx]
[09:35:29] [Server thread/INFO]: Opped othunderx
[09:35:41] [Server thread/INFO]: [othunderx: Given [Sandstone] * 64 to othunderx]
[09:35:48] [Server thread/INFO]: [othunderx: Set own game mode to Creative Mode]
[09:35:59] [Server thread/INFO]: [othunderx: Set own game mode to Survival Mode]
[09:37:11] [Server thread/INFO]: De-opped othunderx
[09:40:09] [Server thread/INFO]: othunderx lost connection: TextComponent{text='Disconnected', siblings=[], style=Style{hasParent=false, color=null, bold=null, italic=null, underlined=null, obfuscated=null, clickEvent=null, hoverEvent=null}}
[09:40:09] [Server thread/INFO]: othunderx left the game
[09:40:59] [Server thread/INFO]: Opped othunderx
[09:42:15] [User Authenticator #3/INFO]: UUID of player MaxwellFu is a8434dd8-5cbc-4982-8ba8-29a8d73b54dc
[09:42:15] [Server thread/INFO]: MaxwellFu[/111.250.191.196:56571] logged in with entity id 6349 at (-153.72194674388462, 69.0, 72.34454563267971)
[09:42:15] [Server thread/INFO]: MaxwellFu joined the game
[10:00:35] [Server thread/INFO]: MaxwellFu was slain by Zombie
[10:00:45] [Server thread/INFO]: MaxwellFu was slain by Zombie
[10:01:02] [Server thread/INFO]: MaxwellFu was slain by Zombie
[10:01:10] [Server thread/INFO]: MaxwellFu was slain by Zombie
[10:01:31] [Server thread/INFO]: MaxwellFu was shot by Skeleton
[10:01:48] [Server thread/INFO]: MaxwellFu was slain by Zombie
[10:02:17] [Server thread/INFO]: MaxwellFu was slain by Zombie
